<?xml version="1.0" encoding="UTF-8"?>
<!-- Generated by org.testng.reporters.JUnitReportReporter -->
<testsuite hostname="ARPGL007078" failures="0" tests="3" name="LamdaTestFiles.LambdaTestForFirefoxBrowser" time="65.298" errors="0" timestamp="2025-03-29T17:06:07 IST" skipped="0">
  <testcase classname="LamdaTestFiles.LambdaTestForFirefoxBrowser" name="testScenario_SimpleFromDemoTest" time="21.273"/>
  <testcase classname="LamdaTestFiles.LambdaTestForFirefoxBrowser" name="testScenario2_DragAndDropSliderTest" time="17.704"/>
  <testcase classname="LamdaTestFiles.LambdaTestForFirefoxBrowser" name="testScenario3_InputFormSubmitTest" time="26.321"/>
</testsuite> <!-- LamdaTestFiles.LambdaTestForFirefoxBrowser -->
