<?xml version="1.0" encoding="UTF-8"?>
<!-- Generated by org.testng.reporters.JUnitReportReporter -->
<testsuite hostname="ARPGL007078" failures="0" tests="3" name="LamdaTestFiles.LambdaTestForEdgeBrowser" time="51.998" errors="0" timestamp="2025-03-29T17:06:07 IST" skipped="0">
  <testcase classname="LamdaTestFiles.LambdaTestForEdgeBrowser" name="testScenario_SimpleFromDemoTest" time="17.907"/>
  <testcase classname="LamdaTestFiles.LambdaTestForEdgeBrowser" name="testScenario2_DragAndDropSliderTest" time="11.378"/>
  <testcase classname="LamdaTestFiles.LambdaTestForEdgeBrowser" name="testScenario3_InputFormSubmitTest" time="22.713"/>
</testsuite> <!-- LamdaTestFiles.LambdaTestForEdgeBrowser -->
