<?xml version="1.0" encoding="UTF-8"?>
<!-- Generated by org.testng.reporters.JUnitReportReporter -->
<testsuite hostname="ARPGL007078" failures="0" tests="3" name="LamdaTestFiles.LambdaTestForChromeBrowser" time="68.456" errors="0" timestamp="2025-03-29T17:06:07 IST" skipped="0">
  <testcase classname="LamdaTestFiles.LambdaTestForChromeBrowser" name="testScenario_SimpleFromDemoTest" time="12.474"/>
  <testcase classname="LamdaTestFiles.LambdaTestForChromeBrowser" name="testScenario2_DragAndDropSliderTest" time="25.587"/>
  <testcase classname="LamdaTestFiles.LambdaTestForChromeBrowser" name="testScenario3_InputFormSubmitTest" time="30.395"/>
</testsuite> <!-- LamdaTestFiles.LambdaTestForChromeBrowser -->
